2025-09-11 15:03:44,660 - ÇIKIÞ HAREKETÝ - PHONAK V50 | 1 adet | admin
2025-09-11 15:07:47,510 - GÝRÝÞ HAREKETÝ - phonak c123 | 1 adet | admin
2025-09-11 15:14:04,329 - ÇIKIÞ HAREKETÝ - phonak c123 | 1 adet | admin
2025-09-11 15:28:28,780 - GÝRÝÞ HAREKETÝ - PHONAK V50 | 1 adet | admin
2025-09-16 16:08:37,906 - GÝRÝÞ HAREKETÝ - PHONAK V50 | 1 adet | admin
2025-09-16 16:09:03,409 - ÇIKIÞ HAREKETÝ - PHONAK V50 | 1 adet | admin
2025-09-16 16:09:26,648 - ÇIKIÞ HAREKETÝ - PHONAK V50 | 1 adet | admin
2025-10-04 20:04:10,542 - ÇOKLU GÝRÝÞ HAREKETÝ - Phonak SKY m30 sp | 10 adet | admin
2025-10-04 20:06:08,588 - ÇOKLU GÝRÝÞ HAREKETÝ - phonak sky m30 m | 5 adet | admin
2025-10-04 20:08:47,578 - ÇIKIÞ HAREKETÝ - Phonak SKY m30 sp | 1 adet | admin
2025-10-04 20:09:46,187 - HAREKET DÜZENLENDÝ - Phonak SKY m30 sp | GIRIS | 1 adet | admin
2025-10-04 20:22:13,591 - ÇOKLU GÝRÝÞ HAREKETÝ - PHONAK NAÝDA M30 SP | 1 adet | admin
2025-10-04 20:22:48,411 - ÇIKIÞ HAREKETÝ - PHONAK NAÝDA M30 SP | 1 adet | admin
2025-10-04 20:26:33,004 - ÇOKLU GÝRÝÞ HAREKETÝ - PHONAK EMRE | 1 adet | admin
2025-10-04 20:26:49,656 - ÇIKIÞ HAREKETÝ - PHONAK EMRE | 1 adet | admin
2025-10-04 20:27:14,934 - HAREKET DÜZENLENDÝ - PHONAK EMRE | GIRIS | 1 adet | admin
2025-10-04 20:49:35,512 - ÇOKLU GÝRÝÞ HAREKETÝ - PHONAK SKY M30 SP | 5 adet | admin
2025-10-04 20:50:04,897 - ÇOKLU GÝRÝÞ HAREKETÝ - EMRE esma1 | 2 adet | admin
2025-10-04 20:50:50,991 - ÇIKIÞ HAREKETÝ - EMRE esma1 | 1 adet | admin
2025-10-04 20:51:17,942 - HAREKET DÜZENLENDÝ - EMRE esma1 | GIRIS | 1 adet | admin
2025-10-04 21:17:40,753 - ÇIKIÞ HAREKETÝ - EMRE esma1 | 1 adet | admin
2025-10-04 21:19:22,414 - ÇOKLU GÝRÝÞ HAREKETÝ - PHONAK V50 | 2 adet | admin
2025-10-04 21:19:45,559 - ÇIKIÞ HAREKETÝ - PHONAK V50 | 1 adet | admin
2025-10-04 21:20:26,944 - ÇOKLU GÝRÝÞ HAREKETÝ - PHONAK V50 | 2 adet | admin
2025-10-04 21:21:00,620 - ÇIKIÞ HAREKETÝ - PHONAK V50 | 1 adet | admin
2025-10-04 21:22:13,059 - ÇOKLU GÝRÝÞ HAREKETÝ - OTÝCON 123321 | 2 adet | admin
2025-10-04 21:22:31,187 - ÇOKLU GÝRÝÞ HAREKETÝ - CASELGÝ MODEL1 | 2 adet | admin
2025-10-04 21:24:03,440 - ÇIKIÞ HAREKETÝ - CASELGÝ MODEL1 | 1 adet | admin
2025-10-16 10:04:01,753 - Ã‡IKIÅž HAREKETÄ° - PHONAK TERRA+ RIC-312 | 1 adet | admin
2025-10-16 10:05:55,520 - Ã‡IKIÅž HAREKETÄ° - PHONAK TERRA+ RIC-312 | 1 adet | admin
2025-10-16 11:13:37,059 - Ã‡IKIÅž HAREKETÄ° - PHONAK TERRA+ BTE-M | 1 adet | admin
2025-10-16 11:14:00,485 - Ã‡IKIÅž HAREKETÄ° - PHONAK TERRA+ BTE-M | 1 adet | admin
2025-10-16 11:15:36,401 - Ã‡IKIÅž HAREKETÄ° - PHONAK AUDÃ‰O P30-312 | 1 adet | admin
2025-10-16 11:16:29,481 - Ã‡IKIÅž HAREKETÄ° - PHONAK AUDÃ‰O P30-312 | 1 adet | admin
2025-10-16 11:17:34,322 - Ã‡IKIÅž HAREKETÄ° - PHONAK NAIDA M30-SP | 1 adet | admin
2025-10-16 11:25:08,914 - Ã‡IKIÅž HAREKETÄ° - PHONAK TERRA+ BTE-M | 1 adet | admin
2025-10-16 11:25:37,009 - Ã‡IKIÅž HAREKETÄ° - PHONAK TERRA+ BTE-M | 1 adet | admin
2025-10-16 11:27:09,045 - Ã‡IKIÅž HAREKETÄ° - PHONAK TERRA+ RIC-312 | 1 adet | admin
2025-10-16 11:27:31,095 - Ã‡IKIÅž HAREKETÄ° - PHONAK TERRA+ RIC-312 | 1 adet | admin
2025-10-16 12:52:52,341 - Ã‡IKIÅž HAREKETÄ° - OTICON OTICON ZIRCON 2 MINIRITE T | 1 adet | admin
2025-10-16 12:53:51,567 - Ã‡OKLU GÄ°RÄ°Åž HAREKETÄ° - OTICON ZIRCON 2 MINIRITE T | 1 adet | admin
2025-10-16 13:03:49,098 - Ã‡IKIÅž HAREKETÄ° - OTICON OTICON REAL 1 MINIRITE R | 1 adet | admin
2025-10-16 13:08:42,744 - Ã‡IKIÅž HAREKETÄ° - OTICON OTICON RUBY 2 BTE PP | 1 adet | admin
2025-10-16 13:10:03,714 - Ã‡IKIÅž HAREKETÄ° - PHONAK SKY L30-SP | 1 adet | admin
2025-10-16 13:10:53,319 - Ã‡OKLU GÄ°RÄ°Åž HAREKETÄ° - PHONAK SKY L30-SP | 1 adet | admin
2025-10-16 13:16:56,013 - Ã‡IKIÅž HAREKETÄ° - BERNAFON BERNAFON LX3 BTE UP SABE/MAC LEOX 3 | 1 adet | admin
2025-10-16 13:18:52,008 - Ã‡OKLU GÄ°RÄ°Åž HAREKETÄ° - BERNAFON BERNAFON LX3 BTE UP SABE/MAC LEOX 3 | 1 adet | admin
2025-10-16 13:25:49,735 - Ã‡IKIÅž HAREKETÄ° - BERNAFON BERNAFON ALPHA 1 MNR T TR SABE/MSIL | 1 adet | admin
2025-10-16 13:26:48,582 - Ã‡OKLU GÄ°RÄ°Åž HAREKETÄ° - BERNAFON  BERNAFON ALPHA 1 MNR T TR SABE/MSIL | 1 adet | admin
2025-10-16 13:29:36,133 - Ã‡IKIÅž HAREKETÄ° - BERNAFON BERNAFON VN5 B 105 SABE/MSIL VIRON 5 | 1 adet | admin
2025-10-16 13:30:39,053 - Ã‡IKIÅž HAREKETÄ° - BERNAFON BERNAFON VN5 B 105 SABE/MSIL VIRON 5 | 1 adet | admin
2025-10-16 15:08:51,016 - Ã‡IKIÅž HAREKETÄ° - PHONAK TERRA+ BTE-SP | 1 adet | admin
2025-10-16 15:09:05,120 - HAREKET DÃœZENLENDÄ° - PHONAK TERRA+ BTE-SP | CIKIS | 1 adet | admin
2025-10-21 12:48:41,049 - Ã‡OKLU GÄ°RÄ°Åž HAREKETÄ° - PHONAK SKY L90-SP | 2 adet | admin
2025-10-21 13:10:49,579 - Ã‡OKLU GÄ°RÄ°Åž HAREKETÄ° - PHONAK VÄ°RTO P30-10 NW O R | 2 adet | admin
2025-10-21 13:13:29,494 - Ã‡OKLU GÄ°RÄ°Åž HAREKETÄ° - PHONAK VÄ°RTO P30-10 NW O L | 1 adet | admin
2025-10-21 13:15:24,377 - Ã‡OKLU GÄ°RÄ°Åž HAREKETÄ° - PHONAK VÄ°RTO P50-10 NW O R | 1 adet | admin
2025-10-21 13:16:38,034 - Ã‡OKLU GÄ°RÄ°Åž HAREKETÄ° - PHONAK VÄ°RTO P50-10 NW O R | 1 adet | admin
2025-10-21 13:19:14,476 - Ã‡OKLU GÄ°RÄ°Åž HAREKETÄ° - PHONAK VÄ°RTO P50-10 NW O L | 2 adet | admin
2025-10-21 13:20:41,501 - Ã‡OKLU GÄ°RÄ°Åž HAREKETÄ° - PHONAK VÄ°RTO P30-10 NW O R | 2 adet | admin
2025-10-21 13:37:18,668 - Ã‡OKLU GÄ°RÄ°Åž HAREKETÄ° - PHONAK AUDEO P50-312 | 2 adet | admin
2025-10-21 13:45:20,075 - Ã‡OKLU GÄ°RÄ°Åž HAREKETÄ° - PHONAK TERRA+ RIC-312 | 1 adet | admin
2025-10-21 13:50:59,314 - Ã‡OKLU GÄ°RÄ°Åž HAREKETÄ° - PHONAK TERRA+ BTE M | 2 adet | admin
2025-10-21 13:54:35,824 - Ã‡OKLU GÄ°RÄ°Åž HAREKETÄ° - COSELGI EFFECT E-F2 E3 | 2 adet | admin
2025-10-27 08:13:27,470 - Ã‡IKIÅž HAREKETÄ° - PHONAK TERRA+ BTE-SP | 1 adet | admin
2025-10-27 08:14:41,245 - Ã‡IKIÅž HAREKETÄ° - PHONAK TERRA+ BTE-M | 1 adet | admin
2025-10-27 08:16:24,445 - Ã‡IKIÅž HAREKETÄ° - PHONAK TERRA+ RIC-312 | 1 adet | admin
2025-10-27 08:18:39,918 - Ã‡IKIÅž HAREKETÄ° - PHONAK SKY L90-SP | 1 adet | admin
2025-10-27 08:19:39,296 - Ã‡IKIÅž HAREKETÄ° - PHONAK SKY L90-SP | 1 adet | admin
2025-10-27 14:15:00,124 - Ã‡IKIÅž HAREKETÄ° - PHONAK AUDÃ‰O P30-312 | 1 adet | admin
2025-10-27 14:16:12,188 - Ã‡IKIÅž HAREKETÄ° - PHONAK AUDÃ‰O P30-312 | 1 adet | admin
